Using pre-set license
Built from '2021.3/staging' branch; Version is '2021.3.9f1 (ad3870b89536) revision 11352176'; Using compiler version '192829333'; Build Type 'Release'
OS: 'Windows 11  (10.0.22621) 64bit Professional' Language: 'ja' Physical Memory: 16230 MB
BatchMode: 1, IsHumanControllingUs: 0, StartBugReporterOnCrash: 0, Is64bit: 1, IsPro: 1

COMMAND LINE ARGUMENTS:
C:\Program Files\Untiy\2021.3.9f1\Editor\Unity.exe
-adb2
-batchMode
-noUpm
-name
AssetImportWorker3
-projectPath
C:/Users/K019G1221/Desktop/MoonBusters_イマイダイキ
-logFile
Logs/AssetImportWorker3.log
-srvPort
60125
Successfully changed project path to: C:/Users/K019G1221/Desktop/MoonBusters_イマイダイキ
C:/Users/K019G1221/Desktop/MoonBusters_イマイダイキ
[UnityMemory] Configuration Parameters - Can be set up in boot.config
    "memorysetup-bucket-allocator-granularity=16"
    "memorysetup-bucket-allocator-bucket-count=8"
    "memorysetup-bucket-allocator-block-size=33554432"
    "memorysetup-bucket-allocator-block-count=8"
    "memorysetup-main-allocator-block-size=16777216"
    "memorysetup-thread-allocator-block-size=16777216"
    "memorysetup-gfx-main-allocator-block-size=16777216"
    "memorysetup-gfx-thread-allocator-block-size=16777216"
    "memorysetup-cache-allocator-block-size=4194304"
    "memorysetup-typetree-allocator-block-size=2097152"
    "memorysetup-profiler-bucket-allocator-granularity=16"
    "memorysetup-profiler-bucket-allocator-bucket-count=8"
    "memorysetup-profiler-bucket-allocator-block-size=33554432"
    "memorysetup-profiler-bucket-allocator-block-count=8"
    "memorysetup-profiler-allocator-block-size=16777216"
    "memorysetup-profiler-editor-allocator-block-size=1048576"
    "memorysetup-temp-allocator-size-main=16777216"
    "memorysetup-job-temp-allocator-block-size=2097152"
    "memorysetup-job-temp-allocator-block-size-background=1048576"
    "memorysetup-job-temp-allocator-reduction-small-platforms=262144"
    "memorysetup-temp-allocator-size-background-worker=32768"
    "memorysetup-temp-allocator-size-job-worker=262144"
    "memorysetup-temp-allocator-size-preload-manager=33554432"
    "memorysetup-temp-allocator-size-nav-mesh-worker=65536"
    "memorysetup-temp-allocator-size-audio-worker=65536"
    "memorysetup-temp-allocator-size-cloud-worker=32768"
    "memorysetup-temp-allocator-size-gi-baking-worker=262144"
    "memorysetup-temp-allocator-size-gfx=262144"
Refreshing native plugins compatible for Editor in 192.95 ms, found 3 plugins.
Preloading 0 native plugins for Editor in 0.00 ms.
Initialize engine version: 2021.3.9f1 (ad3870b89536)
[Subsystems] Discovering subsystems at path C:/Program Files/Untiy/2021.3.9f1/Editor/Data/Resources/UnitySubsystems
[Subsystems] Discovering subsystems at path C:/Users/K019G1221/Desktop/MoonBusters_イマイダイキ/Assets
GfxDevice: creating device client; threaded=0; jobified=0
Direct3D:
    Version:  Direct3D 11.0 [level 11.1]
    Renderer: NVIDIA GeForce GTX 1050 Ti with Max-Q Design (ID=0x1c8f)
    Vendor:   NVIDIA
    VRAM:     4021 MB
    Driver:   26.21.14.3184
Initialize mono
Mono path[0] = 'C:/Program Files/Untiy/2021.3.9f1/Editor/Data/Managed'
Mono path[1] = 'C:/Program Files/Untiy/2021.3.9f1/Editor/Data/MonoBleedingEdge/lib/mono/unityjit-win32'
Mono config path = 'C:/Program Files/Untiy/2021.3.9f1/Editor/Data/MonoBleedingEdge/etc'
Using monoOptions --debugger-agent=transport=dt_socket,embedding=1,server=y,suspend=n,address=127.0.0.1:56976
Begin MonoManager ReloadAssembly
Registering precompiled unity dll's ...
Register platform support module: C:/Program Files/Untiy/2021.3.9f1/Editor/Data/PlaybackEngines/WindowsStandaloneSupport/UnityEditor.WindowsStandalone.Extensions.dll
Registered in 0.005887 seconds.
Native extension for WindowsStandalone target not found
Refreshing native plugins compatible for Editor in 125.25 ms, found 3 plugins.
Preloading 0 native plugins for Editor in 0.00 ms.
Mono: successfully reloaded assembly
- Completed reload, in  1.322 seconds
Domain Reload Profiling:
	ReloadAssembly (1323ms)
		BeginReloadAssembly (201ms)
			ExecutionOrderSort (0ms)
			DisableScriptedObjects (0ms)
			BackupInstance (0ms)
			ReleaseScriptingObjects (0ms)
			CreateAndSetChildDomain (3ms)
		EndReloadAssembly (937ms)
			LoadAssemblies (193ms)
			RebuildTransferFunctionScriptingTraits (0ms)
			SetupTypeCache (226ms)
			ReleaseScriptCaches (0ms)
			RebuildScriptCaches (46ms)
			SetupLoadedEditorAssemblies (532ms)
				LogAssemblyErrors (0ms)
				InitializePlatformSupportModulesInManaged (11ms)
				SetLoadedEditorAssemblies (0ms)
				RefreshPlugins (125ms)
				BeforeProcessingInitializeOnLoad (2ms)
				ProcessInitializeOnLoadAttributes (261ms)
				ProcessInitializeOnLoadMethodAttributes (133ms)
				AfterProcessingInitializeOnLoad (0ms)
				EditorAssembliesLoaded (0ms)
			ExecutionOrderSort2 (0ms)
			AwakeInstancesAfterBackupRestoration (0ms)
Platform modules already initialized, skipping
Registering precompiled user dll's ...
Registered in 0.019206 seconds.
Begin MonoManager ReloadAssembly
Symbol file LoadedFromMemory doesn't match image C:\Users\K019G1221\Desktop\MoonBusters_イマイダイキ\Library\PackageCache\com.unity.visualscripting@1.7.8\Editor\VisualScripting.Core\Dependencies\YamlDotNet\Unity.VisualScripting.YamlDotNet.dll
Symbol file LoadedFromMemory doesn't match image C:\Users\K019G1221\Desktop\MoonBusters_イマイダイキ\Library\PackageCache\com.unity.visualscripting@1.7.8\Editor\VisualScripting.Core\Dependencies\DotNetZip\Unity.VisualScripting.IonicZip.dll
Native extension for WindowsStandalone target not found
Refreshing native plugins compatible for Editor in 0.65 ms, found 3 plugins.
Preloading 0 native plugins for Editor in 0.00 ms.
Mono: successfully reloaded assembly
- Completed reload, in  1.851 seconds
Domain Reload Profiling:
	ReloadAssembly (1852ms)
		BeginReloadAssembly (189ms)
			ExecutionOrderSort (0ms)
			DisableScriptedObjects (14ms)
			BackupInstance (0ms)
			ReleaseScriptingObjects (0ms)
			CreateAndSetChildDomain (31ms)
		EndReloadAssembly (1474ms)
			LoadAssemblies (137ms)
			RebuildTransferFunctionScriptingTraits (0ms)
			SetupTypeCache (594ms)
			ReleaseScriptCaches (1ms)
			RebuildScriptCaches (80ms)
			SetupLoadedEditorAssemblies (621ms)
				LogAssemblyErrors (0ms)
				InitializePlatformSupportModulesInManaged (8ms)
				SetLoadedEditorAssemblies (1ms)
				RefreshPlugins (1ms)
				BeforeProcessingInitializeOnLoad (156ms)
				ProcessInitializeOnLoadAttributes (403ms)
				ProcessInitializeOnLoadMethodAttributes (44ms)
				AfterProcessingInitializeOnLoad (9ms)
				EditorAssembliesLoaded (0ms)
			ExecutionOrderSort2 (0ms)
			AwakeInstancesAfterBackupRestoration (10ms)
Platform modules already initialized, skipping
========================================================================
Worker process is ready to serve import requests
Launched and connected shader compiler UnityShaderCompiler.exe after 0.12 seconds
Refreshing native plugins compatible for Editor in 1.18 ms, found 3 plugins.
Preloading 0 native plugins for Editor in 0.00 ms.
Unloading 3389 Unused Serialized files (Serialized files now loaded: 0)
Unloading 27 unused Assets / (111.3 KB). Loaded Objects now: 3847.
Memory consumption went from 116.6 MB to 116.5 MB.
Total: 5.006200 ms (FindLiveObjects: 0.313900 ms CreateObjectMapping: 0.247400 ms MarkObjects: 4.304900 ms  DeleteObjects: 0.138600 ms)

AssetImportParameters requested are different than current active one (requested -> active):
  custom:video-decoder-ogg-theora: a1e56fd34408186e4bbccfd4996cb3dc -> 
  custom:container-muxer-webm: aa71ff27fc2769a1b78a27578f13a17b -> 
  custom:container-demuxer-webm: 4f35f7cbe854078d1ac9338744f61a02 -> 
  custom:video-encoder-webm-vp8: eb34c28f22e8b96e1ab97ce403110664 -> 
  custom:audio-encoder-webm-vorbis: bf7c407c2cedff20999df2af8eb42d56 -> 
  custom:framework-win-MediaFoundation: 216162199b28c13a410421893ffa2e32 -> 
  custom:container-demuxer-ogg: 62fdf1f143b41e24485cea50d1cbac27 -> 
  custom:video-decoder-webm-vp8: 9c59270c3fd7afecdb556c50c9e8de78 -> 
  custom:audio-decoder-ogg-vorbis: bf7c407c2cedff20999df2af8eb42d56 -> 
========================================================================
Received Prepare
Registering precompiled user dll's ...
Registered in 0.013613 seconds.
Begin MonoManager ReloadAssembly
Symbol file LoadedFromMemory doesn't match image C:\Users\K019G1221\Desktop\MoonBusters_イマイダイキ\Library\PackageCache\com.unity.visualscripting@1.7.8\Editor\VisualScripting.Core\Dependencies\YamlDotNet\Unity.VisualScripting.YamlDotNet.dll
Symbol file LoadedFromMemory doesn't match image C:\Users\K019G1221\Desktop\MoonBusters_イマイダイキ\Library\PackageCache\com.unity.visualscripting@1.7.8\Editor\VisualScripting.Core\Dependencies\DotNetZip\Unity.VisualScripting.IonicZip.dll
Native extension for WindowsStandalone target not found
Refreshing native plugins compatible for Editor in 0.65 ms, found 3 plugins.
Preloading 0 native plugins for Editor in 0.00 ms.
Mono: successfully reloaded assembly
- Completed reload, in  1.880 seconds
Domain Reload Profiling:
	ReloadAssembly (1882ms)
		BeginReloadAssembly (245ms)
			ExecutionOrderSort (0ms)
			DisableScriptedObjects (9ms)
			BackupInstance (0ms)
			ReleaseScriptingObjects (0ms)
			CreateAndSetChildDomain (57ms)
		EndReloadAssembly (1403ms)
			LoadAssemblies (176ms)
			RebuildTransferFunctionScriptingTraits (0ms)
			SetupTypeCache (449ms)
			ReleaseScriptCaches (3ms)
			RebuildScriptCaches (74ms)
			SetupLoadedEditorAssemblies (628ms)
				LogAssemblyErrors (0ms)
				InitializePlatformSupportModulesInManaged (18ms)
				SetLoadedEditorAssemblies (1ms)
				RefreshPlugins (1ms)
				BeforeProcessingInitializeOnLoad (94ms)
				ProcessInitializeOnLoadAttributes (422ms)
				ProcessInitializeOnLoadMethodAttributes (75ms)
				AfterProcessingInitializeOnLoad (18ms)
				EditorAssembliesLoaded (0ms)
			ExecutionOrderSort2 (0ms)
			AwakeInstancesAfterBackupRestoration (18ms)
Platform modules already initialized, skipping
Refreshing native plugins compatible for Editor in 4.17 ms, found 3 plugins.
Preloading 0 native plugins for Editor in 0.00 ms.
Unloading 3384 Unused Serialized files (Serialized files now loaded: 0)
Unloading 20 unused Assets / (78.5 KB). Loaded Objects now: 3850.
Memory consumption went from 116.5 MB to 116.5 MB.
Total: 5.053500 ms (FindLiveObjects: 0.295300 ms CreateObjectMapping: 0.186900 ms MarkObjects: 4.460300 ms  DeleteObjects: 0.109800 ms)

AssetImportParameters requested are different than current active one (requested -> active):
  custom:video-decoder-ogg-theora: a1e56fd34408186e4bbccfd4996cb3dc -> 
  custom:container-muxer-webm: aa71ff27fc2769a1b78a27578f13a17b -> 
  custom:container-demuxer-webm: 4f35f7cbe854078d1ac9338744f61a02 -> 
  custom:video-encoder-webm-vp8: eb34c28f22e8b96e1ab97ce403110664 -> 
  custom:audio-encoder-webm-vorbis: bf7c407c2cedff20999df2af8eb42d56 -> 
  custom:framework-win-MediaFoundation: 216162199b28c13a410421893ffa2e32 -> 
  custom:container-demuxer-ogg: 62fdf1f143b41e24485cea50d1cbac27 -> 
  custom:video-decoder-webm-vp8: 9c59270c3fd7afecdb556c50c9e8de78 -> 
  custom:audio-decoder-ogg-vorbis: bf7c407c2cedff20999df2af8eb42d56 -> 
========================================================================
Received Prepare
Registering precompiled user dll's ...
Registered in 0.016405 seconds.
Begin MonoManager ReloadAssembly
Symbol file LoadedFromMemory doesn't match image C:\Users\K019G1221\Desktop\MoonBusters_イマイダイキ\Library\PackageCache\com.unity.visualscripting@1.7.8\Editor\VisualScripting.Core\Dependencies\YamlDotNet\Unity.VisualScripting.YamlDotNet.dll
Symbol file LoadedFromMemory doesn't match image C:\Users\K019G1221\Desktop\MoonBusters_イマイダイキ\Library\PackageCache\com.unity.visualscripting@1.7.8\Editor\VisualScripting.Core\Dependencies\DotNetZip\Unity.VisualScripting.IonicZip.dll
Native extension for WindowsStandalone target not found
Refreshing native plugins compatible for Editor in 0.90 ms, found 3 plugins.
Preloading 0 native plugins for Editor in 0.00 ms.
Mono: successfully reloaded assembly
- Completed reload, in  2.247 seconds
Domain Reload Profiling:
	ReloadAssembly (2248ms)
		BeginReloadAssembly (262ms)
			ExecutionOrderSort (0ms)
			DisableScriptedObjects (16ms)
			BackupInstance (0ms)
			ReleaseScriptingObjects (0ms)
			CreateAndSetChildDomain (65ms)
		EndReloadAssembly (1774ms)
			LoadAssemblies (162ms)
			RebuildTransferFunctionScriptingTraits (0ms)
			SetupTypeCache (624ms)
			ReleaseScriptCaches (2ms)
			RebuildScriptCaches (94ms)
			SetupLoadedEditorAssemblies (782ms)
				LogAssemblyErrors (0ms)
				InitializePlatformSupportModulesInManaged (25ms)
				SetLoadedEditorAssemblies (1ms)
				RefreshPlugins (1ms)
				BeforeProcessingInitializeOnLoad (168ms)
				ProcessInitializeOnLoadAttributes (502ms)
				ProcessInitializeOnLoadMethodAttributes (66ms)
				AfterProcessingInitializeOnLoad (18ms)
				EditorAssembliesLoaded (1ms)
			ExecutionOrderSort2 (0ms)
			AwakeInstancesAfterBackupRestoration (15ms)
Platform modules already initialized, skipping
Refreshing native plugins compatible for Editor in 15.42 ms, found 3 plugins.
Preloading 0 native plugins for Editor in 0.00 ms.
Unloading 3384 Unused Serialized files (Serialized files now loaded: 0)
Unloading 20 unused Assets / (78.4 KB). Loaded Objects now: 3853.
Memory consumption went from 116.5 MB to 116.5 MB.
Total: 5.548800 ms (FindLiveObjects: 0.589200 ms CreateObjectMapping: 0.248200 ms MarkObjects: 4.597900 ms  DeleteObjects: 0.111800 ms)

AssetImportParameters requested are different than current active one (requested -> active):
  custom:video-decoder-ogg-theora: a1e56fd34408186e4bbccfd4996cb3dc -> 
  custom:container-muxer-webm: aa71ff27fc2769a1b78a27578f13a17b -> 
  custom:container-demuxer-webm: 4f35f7cbe854078d1ac9338744f61a02 -> 
  custom:video-encoder-webm-vp8: eb34c28f22e8b96e1ab97ce403110664 -> 
  custom:audio-encoder-webm-vorbis: bf7c407c2cedff20999df2af8eb42d56 -> 
  custom:framework-win-MediaFoundation: 216162199b28c13a410421893ffa2e32 -> 
  custom:container-demuxer-ogg: 62fdf1f143b41e24485cea50d1cbac27 -> 
  custom:video-decoder-webm-vp8: 9c59270c3fd7afecdb556c50c9e8de78 -> 
  custom:audio-decoder-ogg-vorbis: bf7c407c2cedff20999df2af8eb42d56 -> 
========================================================================
Received Import Request.
  Time since last request: 139251.130028 seconds.
  path: Assets/48 Particle Effect Pack/Effect/Ball2.prefab
  artifactKey: Guid(10a7ec2a2783770419a38059c45ea8b3) Importer(815301076,1909f56bfc062723c751e8b465ee728b)
Start importing Assets/48 Particle Effect Pack/Effect/Ball2.prefab using Guid(10a7ec2a2783770419a38059c45ea8b3) Importer(815301076,1909f56bfc062723c751e8b465ee728b)  -> (artifact id: '8f8d1bfd9bb3bd250f4c6ab576dec237') in 0.219166 seconds 
========================================================================
Received Import Request.
  Time since last request: 0.000039 seconds.
  path: Assets/48 Particle Effect Pack/Effect/Explosion8.prefab
  artifactKey: Guid(53d301af6d66cf94497e9fcec3cb6699) Importer(815301076,1909f56bfc062723c751e8b465ee728b)
Start importing Assets/48 Particle Effect Pack/Effect/Explosion8.prefab using Guid(53d301af6d66cf94497e9fcec3cb6699) Importer(815301076,1909f56bfc062723c751e8b465ee728b)  -> (artifact id: '9811d56849bf1aeadd27e7da730dc60b') in 0.029566 seconds 
========================================================================
Received Import Request.
  Time since last request: 0.000043 seconds.
  path: Assets/48 Particle Effect Pack/Effect/Explosion.prefab
  artifactKey: Guid(f881607407b15cc46b24d6bda799037a) Importer(815301076,1909f56bfc062723c751e8b465ee728b)
Start importing Assets/48 Particle Effect Pack/Effect/Explosion.prefab using Guid(f881607407b15cc46b24d6bda799037a) Importer(815301076,1909f56bfc062723c751e8b465ee728b)  -> (artifact id: '340ffd65f949f5133de05f1126038b53') in 0.035529 seconds 
========================================================================
Received Import Request.
  Time since last request: 0.000029 seconds.
  path: Assets/48 Particle Effect Pack/Effect/LightningState.prefab
  artifactKey: Guid(7099a8c65c7533e4680b71bb8ce55c3d) Importer(815301076,1909f56bfc062723c751e8b465ee728b)
Start importing Assets/48 Particle Effect Pack/Effect/LightningState.prefab using Guid(7099a8c65c7533e4680b71bb8ce55c3d) Importer(815301076,1909f56bfc062723c751e8b465ee728b)  -> (artifact id: 'b6b524085e410582bbcedc73be6545e2') in 0.021474 seconds 
========================================================================
Received Import Request.
  Time since last request: 0.000041 seconds.
  path: Assets/48 Particle Effect Pack/Effect/FantasySun.prefab
  artifactKey: Guid(0dc8a41118815f049b519e777f0eb41e) Importer(815301076,1909f56bfc062723c751e8b465ee728b)
Start importing Assets/48 Particle Effect Pack/Effect/FantasySun.prefab using Guid(0dc8a41118815f049b519e777f0eb41e) Importer(815301076,1909f56bfc062723c751e8b465ee728b)  -> (artifact id: 'dac389d0959a8aa5b4f03bb8a197c235') in 0.027556 seconds 
========================================================================
Received Import Request.
  Time since last request: 0.000050 seconds.
  path: Assets/48 Particle Effect Pack/Effect/FireBall3.prefab
  artifactKey: Guid(0ffc584583b8c1541b3c2100725f6ab5) Importer(815301076,1909f56bfc062723c751e8b465ee728b)
Start importing Assets/48 Particle Effect Pack/Effect/FireBall3.prefab using Guid(0ffc584583b8c1541b3c2100725f6ab5) Importer(815301076,1909f56bfc062723c751e8b465ee728b)  -> (artifact id: '4039a881000a011e0b11ca35850f8db7') in 0.033111 seconds 
========================================================================
Received Import Request.
  Time since last request: 0.000030 seconds.
  path: Assets/48 Particle Effect Pack/Effect/Explosion3.prefab
  artifactKey: Guid(3f1d919251d33ab45a23dc83a945d1da) Importer(815301076,1909f56bfc062723c751e8b465ee728b)
Start importing Assets/48 Particle Effect Pack/Effect/Explosion3.prefab using Guid(3f1d919251d33ab45a23dc83a945d1da) Importer(815301076,1909f56bfc062723c751e8b465ee728b)  -> (artifact id: '8791f855c5f1239e175a01f131bfae71') in 0.043580 seconds 
========================================================================
Received Import Request.
  Time since last request: 0.000030 seconds.
  path: Assets/48 Particle Effect Pack/Effect/DarkBall2.prefab
  artifactKey: Guid(7a52d3ff698a7dc4dbc5f0152df3371a) Importer(815301076,1909f56bfc062723c751e8b465ee728b)
Start importing Assets/48 Particle Effect Pack/Effect/DarkBall2.prefab using Guid(7a52d3ff698a7dc4dbc5f0152df3371a) Importer(815301076,1909f56bfc062723c751e8b465ee728b)  -> (artifact id: '80ec12aa017c316548837d243498fdfa') in 0.064772 seconds 
========================================================================
Received Import Request.
  Time since last request: 0.000049 seconds.
  path: Assets/48 Particle Effect Pack/Effect/Snow.prefab
  artifactKey: Guid(5124dc2491c482e45ac7dd914d77ddc6) Importer(815301076,1909f56bfc062723c751e8b465ee728b)
Start importing Assets/48 Particle Effect Pack/Effect/Snow.prefab using Guid(5124dc2491c482e45ac7dd914d77ddc6) Importer(815301076,1909f56bfc062723c751e8b465ee728b)  -> (artifact id: '9d47c5534d92e3f73d3b098c45edeadc') in 0.068818 seconds 
========================================================================
Received Import Request.
  Time since last request: 0.000035 seconds.
  path: Assets/48 Particle Effect Pack/Effect/GreemPlame.prefab
  artifactKey: Guid(2fdab942587233e42ad5de42efdc56af) Importer(815301076,1909f56bfc062723c751e8b465ee728b)
Start importing Assets/48 Particle Effect Pack/Effect/GreemPlame.prefab using Guid(2fdab942587233e42ad5de42efdc56af) Importer(815301076,1909f56bfc062723c751e8b465ee728b)  -> (artifact id: '7291b617efbe13137b1d206b1eba6152') in 0.051209 seconds 
========================================================================
Received Import Request.
  Time since last request: 0.000067 seconds.
  path: Assets/48 Particle Effect Pack/Effect/FantasyEffect.prefab
  artifactKey: Guid(958065eadd2de834cba095e936840ab9) Importer(815301076,1909f56bfc062723c751e8b465ee728b)
Start importing Assets/48 Particle Effect Pack/Effect/FantasyEffect.prefab using Guid(958065eadd2de834cba095e936840ab9) Importer(815301076,1909f56bfc062723c751e8b465ee728b)  -> (artifact id: '579758eb407130a60160b9c0604fefc6') in 0.057825 seconds 
========================================================================
Received Import Request.
  Time since last request: 0.000024 seconds.
  path: Assets/48 Particle Effect Pack/Effect/LightningBall2.prefab
  artifactKey: Guid(d667c498c736d054fbe9373c25331986) Importer(815301076,1909f56bfc062723c751e8b465ee728b)
Start importing Assets/48 Particle Effect Pack/Effect/LightningBall2.prefab using Guid(d667c498c736d054fbe9373c25331986) Importer(815301076,1909f56bfc062723c751e8b465ee728b)  -> (artifact id: 'f0f9610eb172d369f3aca506e1de0de2') in 0.024492 seconds 
========================================================================
Received Import Request.
  Time since last request: 0.000074 seconds.
  path: Assets/48 Particle Effect Pack/Effect/Sparking.prefab
  artifactKey: Guid(96536afb634b32043bb988d4576053d3) Importer(815301076,1909f56bfc062723c751e8b465ee728b)
Start importing Assets/48 Particle Effect Pack/Effect/Sparking.prefab using Guid(96536afb634b32043bb988d4576053d3) Importer(815301076,1909f56bfc062723c751e8b465ee728b)  -> (artifact id: 'cd90d005e8c1be156f9b50f2ae4eb031') in 0.023313 seconds 
========================================================================
Received Import Request.
  Time since last request: 0.000023 seconds.
  path: Assets/48 Particle Effect Pack/Effect/Explosion9.prefab
  artifactKey: Guid(10b506478f435cf4ca5bbcf982c59f08) Importer(815301076,1909f56bfc062723c751e8b465ee728b)
Start importing Assets/48 Particle Effect Pack/Effect/Explosion9.prefab using Guid(10b506478f435cf4ca5bbcf982c59f08) Importer(815301076,1909f56bfc062723c751e8b465ee728b)  -> (artifact id: '4be941640343a0b8e308a7ec131a76d2') in 0.023992 seconds 
========================================================================
Received Import Request.
  Time since last request: 0.000031 seconds.
  path: Assets/48 Particle Effect Pack/Effect/Hole.prefab
  artifactKey: Guid(5372b37f496b28548942cf8e99afeb2e) Importer(815301076,1909f56bfc062723c751e8b465ee728b)
Start importing Assets/48 Particle Effect Pack/Effect/Hole.prefab using Guid(5372b37f496b28548942cf8e99afeb2e) Importer(815301076,1909f56bfc062723c751e8b465ee728b)  -> (artifact id: '586fef543dde51c6a3103be861740aa3') in 0.026272 seconds 
========================================================================
Received Import Request.
  Time since last request: 0.000029 seconds.
  path: Assets/48 Particle Effect Pack/Effect/Portal2.prefab
  artifactKey: Guid(0f158be916b4cb245ae87ffe75725147) Importer(815301076,1909f56bfc062723c751e8b465ee728b)
Start importing Assets/48 Particle Effect Pack/Effect/Portal2.prefab using Guid(0f158be916b4cb245ae87ffe75725147) Importer(815301076,1909f56bfc062723c751e8b465ee728b)  -> (artifact id: 'af9e32b1c7b295ce9ae6b1f149cf1640') in 0.035371 seconds 
========================================================================
Received Import Request.
  Time since last request: 0.000044 seconds.
  path: Assets/48 Particle Effect Pack/Effect/Buff.prefab
  artifactKey: Guid(a92a42a2125977345a54e9b8306b5880) Importer(815301076,1909f56bfc062723c751e8b465ee728b)
Start importing Assets/48 Particle Effect Pack/Effect/Buff.prefab using Guid(a92a42a2125977345a54e9b8306b5880) Importer(815301076,1909f56bfc062723c751e8b465ee728b)  -> (artifact id: '8b5b3f991ddc3936b22054a3b4276c87') in 0.021979 seconds 
========================================================================
Received Import Request.
  Time since last request: 0.000028 seconds.
  path: Assets/48 Particle Effect Pack/Effect/LightningBall.prefab
  artifactKey: Guid(2c557f8333c64984790ab0461bed7113) Importer(815301076,1909f56bfc062723c751e8b465ee728b)
Start importing Assets/48 Particle Effect Pack/Effect/LightningBall.prefab using Guid(2c557f8333c64984790ab0461bed7113) Importer(815301076,1909f56bfc062723c751e8b465ee728b)  -> (artifact id: 'ad329e2872eae2e2925a3f2629c3d73e') in 0.025327 seconds 
========================================================================
Received Import Request.
  Time since last request: 0.000041 seconds.
  path: Assets/48 Particle Effect Pack/Effect/LightningState2.prefab
  artifactKey: Guid(7c687a4414095c349a8ec5ac5f3cccb2) Importer(815301076,1909f56bfc062723c751e8b465ee728b)
Start importing Assets/48 Particle Effect Pack/Effect/LightningState2.prefab using Guid(7c687a4414095c349a8ec5ac5f3cccb2) Importer(815301076,1909f56bfc062723c751e8b465ee728b)  -> (artifact id: '01bc49758314ea58fbed2310cfaf8023') in 0.021560 seconds 
========================================================================
Received Import Request.
  Time since last request: 0.000069 seconds.
  path: Assets/48 Particle Effect Pack/Effect/Flame.prefab
  artifactKey: Guid(d205bba4d197a5f45a64abfcc6123c20) Importer(815301076,1909f56bfc062723c751e8b465ee728b)
Start importing Assets/48 Particle Effect Pack/Effect/Flame.prefab using Guid(d205bba4d197a5f45a64abfcc6123c20) Importer(815301076,1909f56bfc062723c751e8b465ee728b)  -> (artifact id: '6293dabbe5a2d465f3864733ffbfee13') in 0.019540 seconds 
========================================================================
Received Import Request.
  Time since last request: 0.000044 seconds.
  path: Assets/48 Particle Effect Pack/Effect/Laser bombardment4.prefab
  artifactKey: Guid(ff9eb0a0f9983744eb282f0506ed5d7f) Importer(815301076,1909f56bfc062723c751e8b465ee728b)
Start importing Assets/48 Particle Effect Pack/Effect/Laser bombardment4.prefab using Guid(ff9eb0a0f9983744eb282f0506ed5d7f) Importer(815301076,1909f56bfc062723c751e8b465ee728b)  -> (artifact id: 'e0d8ebf4ee87a108cd6ef68c1b877bbb') in 0.028099 seconds 
========================================================================
Received Import Request.
  Time since last request: 0.000042 seconds.
  path: Assets/48 Particle Effect Pack/Effect/Explosion2.prefab
  artifactKey: Guid(8b940ede2c20ec44ba870a2cdd277051) Importer(815301076,1909f56bfc062723c751e8b465ee728b)
Start importing Assets/48 Particle Effect Pack/Effect/Explosion2.prefab using Guid(8b940ede2c20ec44ba870a2cdd277051) Importer(815301076,1909f56bfc062723c751e8b465ee728b)  -> (artifact id: '4519b91390419636f1aabd7287ebd205') in 0.024358 seconds 
========================================================================
Received Import Request.
  Time since last request: 0.000023 seconds.
  path: Assets/48 Particle Effect Pack/Effect/Explosion6.prefab
  artifactKey: Guid(f3613b78354895b469b7da1f0a90e686) Importer(815301076,1909f56bfc062723c751e8b465ee728b)
Start importing Assets/48 Particle Effect Pack/Effect/Explosion6.prefab using Guid(f3613b78354895b469b7da1f0a90e686) Importer(815301076,1909f56bfc062723c751e8b465ee728b)  -> (artifact id: '042fe9363b62e7013b336c03abd96f37') in 0.029233 seconds 
Editor requested this worker to shutdown with reason: Scaling down because of idle timeout
AssetImportWorker is now disconnected from the server
Process exiting
Exiting without the bug reporter. Application will terminate with return code 0