Using pre-set license
Built from '2021.3/staging' branch; Version is '2021.3.9f1 (ad3870b89536) revision 11352176'; Using compiler version '192829333'; Build Type 'Release'
OS: 'Windows 11  (10.0.22000) 64bit Core' Language: 'ja' Physical Memory: 16085 MB
BatchMode: 1, IsHumanControllingUs: 0, StartBugReporterOnCrash: 0, Is64bit: 1, IsPro: 1

COMMAND LINE ARGUMENTS:
C:\Program Files\Unity\Hub\Editor\2021.3.9f1\Editor\Unity.exe
-adb2
-batchMode
-noUpm
-name
AssetImportWorker10
-projectPath
C:/Users/shiny/MoonBusters
-logFile
Logs/AssetImportWorker10.log
-srvPort
63104
Successfully changed project path to: C:/Users/shiny/MoonBusters
C:/Users/shiny/MoonBusters
[UnityMemory] Configuration Parameters - Can be set up in boot.config
    "memorysetup-bucket-allocator-granularity=16"
    "memorysetup-bucket-allocator-bucket-count=8"
    "memorysetup-bucket-allocator-block-size=33554432"
    "memorysetup-bucket-allocator-block-count=8"
    "memorysetup-main-allocator-block-size=16777216"
    "memorysetup-thread-allocator-block-size=16777216"
    "memorysetup-gfx-main-allocator-block-size=16777216"
    "memorysetup-gfx-thread-allocator-block-size=16777216"
    "memorysetup-cache-allocator-block-size=4194304"
    "memorysetup-typetree-allocator-block-size=2097152"
    "memorysetup-profiler-bucket-allocator-granularity=16"
    "memorysetup-profiler-bucket-allocator-bucket-count=8"
    "memorysetup-profiler-bucket-allocator-block-size=33554432"
    "memorysetup-profiler-bucket-allocator-block-count=8"
    "memorysetup-profiler-allocator-block-size=16777216"
    "memorysetup-profiler-editor-allocator-block-size=1048576"
    "memorysetup-temp-allocator-size-main=16777216"
    "memorysetup-job-temp-allocator-block-size=2097152"
    "memorysetup-job-temp-allocator-block-size-background=1048576"
    "memorysetup-job-temp-allocator-reduction-small-platforms=262144"
    "memorysetup-temp-allocator-size-background-worker=32768"
    "memorysetup-temp-allocator-size-job-worker=262144"
    "memorysetup-temp-allocator-size-preload-manager=33554432"
    "memorysetup-temp-allocator-size-nav-mesh-worker=65536"
    "memorysetup-temp-allocator-size-audio-worker=65536"
    "memorysetup-temp-allocator-size-cloud-worker=32768"
    "memorysetup-temp-allocator-size-gi-baking-worker=262144"
    "memorysetup-temp-allocator-size-gfx=262144"
Refreshing native plugins compatible for Editor in 62.30 ms, found 3 plugins.
Preloading 0 native plugins for Editor in 0.00 ms.
Initialize engine version: 2021.3.9f1 (ad3870b89536)
[Subsystems] Discovering subsystems at path C:/Program Files/Unity/Hub/Editor/2021.3.9f1/Editor/Data/Resources/UnitySubsystems
[Subsystems] Discovering subsystems at path C:/Users/shiny/MoonBusters/Assets
GfxDevice: creating device client; threaded=0; jobified=0
Direct3D:
    Version:  Direct3D 11.0 [level 11.1]
    Renderer: NVIDIA GeForce RTX 3060 Laptop GPU (ID=0x2520)
    Vendor:   NVIDIA
    VRAM:     6023 MB
    Driver:   27.21.14.6221
Initialize mono
Mono path[0] = 'C:/Program Files/Unity/Hub/Editor/2021.3.9f1/Editor/Data/Managed'
Mono path[1] = 'C:/Program Files/Unity/Hub/Editor/2021.3.9f1/Editor/Data/MonoBleedingEdge/lib/mono/unityjit-win32'
Mono config path = 'C:/Program Files/Unity/Hub/Editor/2021.3.9f1/Editor/Data/MonoBleedingEdge/etc'
Using monoOptions --debugger-agent=transport=dt_socket,embedding=1,server=y,suspend=n,address=127.0.0.1:56140
Begin MonoManager ReloadAssembly
Registering precompiled unity dll's ...
Register platform support module: C:/Program Files/Unity/Hub/Editor/2021.3.9f1/Editor/Data/PlaybackEngines/WindowsStandaloneSupport/UnityEditor.WindowsStandalone.Extensions.dll
Registered in 0.003163 seconds.
Native extension for WindowsStandalone target not found
Refreshing native plugins compatible for Editor in 65.85 ms, found 3 plugins.
Preloading 0 native plugins for Editor in 0.00 ms.
Mono: successfully reloaded assembly
- Completed reload, in  0.472 seconds
Domain Reload Profiling:
	ReloadAssembly (473ms)
		BeginReloadAssembly (55ms)
			ExecutionOrderSort (0ms)
			DisableScriptedObjects (0ms)
			BackupInstance (0ms)
			ReleaseScriptingObjects (0ms)
			CreateAndSetChildDomain (1ms)
		EndReloadAssembly (336ms)
			LoadAssemblies (53ms)
			RebuildTransferFunctionScriptingTraits (0ms)
			SetupTypeCache (75ms)
			ReleaseScriptCaches (0ms)
			RebuildScriptCaches (26ms)
			SetupLoadedEditorAssemblies (199ms)
				LogAssemblyErrors (0ms)
				InitializePlatformSupportModulesInManaged (6ms)
				SetLoadedEditorAssemblies (0ms)
				RefreshPlugins (66ms)
				BeforeProcessingInitializeOnLoad (1ms)
				ProcessInitializeOnLoadAttributes (93ms)
				ProcessInitializeOnLoadMethodAttributes (33ms)
				AfterProcessingInitializeOnLoad (0ms)
				EditorAssembliesLoaded (0ms)
			ExecutionOrderSort2 (0ms)
			AwakeInstancesAfterBackupRestoration (0ms)
Platform modules already initialized, skipping
Registering precompiled user dll's ...
Registered in 0.003930 seconds.
Begin MonoManager ReloadAssembly
Symbol file LoadedFromMemory doesn't match image C:\Users\shiny\MoonBusters\Library\PackageCache\com.unity.visualscripting@1.7.8\Editor\VisualScripting.Core\Dependencies\YamlDotNet\Unity.VisualScripting.YamlDotNet.dll
Symbol file LoadedFromMemory doesn't match image C:\Users\shiny\MoonBusters\Library\PackageCache\com.unity.visualscripting@1.7.8\Editor\VisualScripting.Core\Dependencies\DotNetZip\Unity.VisualScripting.IonicZip.dll
Native extension for WindowsStandalone target not found
Refreshing native plugins compatible for Editor in 0.52 ms, found 3 plugins.
Preloading 0 native plugins for Editor in 0.00 ms.
Mono: successfully reloaded assembly
- Completed reload, in  0.782 seconds
Domain Reload Profiling:
	ReloadAssembly (783ms)
		BeginReloadAssembly (84ms)
			ExecutionOrderSort (0ms)
			DisableScriptedObjects (5ms)
			BackupInstance (0ms)
			ReleaseScriptingObjects (0ms)
			CreateAndSetChildDomain (16ms)
		EndReloadAssembly (615ms)
			LoadAssemblies (67ms)
			RebuildTransferFunctionScriptingTraits (0ms)
			SetupTypeCache (207ms)
			ReleaseScriptCaches (1ms)
			RebuildScriptCaches (40ms)
			SetupLoadedEditorAssemblies (271ms)
				LogAssemblyErrors (0ms)
				InitializePlatformSupportModulesInManaged (4ms)
				SetLoadedEditorAssemblies (0ms)
				RefreshPlugins (1ms)
				BeforeProcessingInitializeOnLoad (65ms)
				ProcessInitializeOnLoadAttributes (173ms)
				ProcessInitializeOnLoadMethodAttributes (24ms)
				AfterProcessingInitializeOnLoad (4ms)
				EditorAssembliesLoaded (0ms)
			ExecutionOrderSort2 (0ms)
			AwakeInstancesAfterBackupRestoration (6ms)
Platform modules already initialized, skipping
========================================================================
Worker process is ready to serve import requests
Launched and connected shader compiler UnityShaderCompiler.exe after 0.04 seconds
Refreshing native plugins compatible for Editor in 0.55 ms, found 3 plugins.
Preloading 0 native plugins for Editor in 0.00 ms.
Unloading 3459 Unused Serialized files (Serialized files now loaded: 0)
Unloading 27 unused Assets / (112.3 KB). Loaded Objects now: 3920.
Memory consumption went from 126.9 MB to 126.8 MB.
Total: 2.694300 ms (FindLiveObjects: 0.248800 ms CreateObjectMapping: 0.135000 ms MarkObjects: 2.207100 ms  DeleteObjects: 0.102000 ms)

AssetImportParameters requested are different than current active one (requested -> active):
  custom:video-decoder-ogg-theora: a1e56fd34408186e4bbccfd4996cb3dc -> 
  custom:container-muxer-webm: aa71ff27fc2769a1b78a27578f13a17b -> 
  custom:container-demuxer-webm: 4f35f7cbe854078d1ac9338744f61a02 -> 
  custom:video-encoder-webm-vp8: eb34c28f22e8b96e1ab97ce403110664 -> 
  custom:audio-encoder-webm-vorbis: bf7c407c2cedff20999df2af8eb42d56 -> 
  custom:framework-win-MediaFoundation: 216162199b28c13a410421893ffa2e32 -> 
  custom:container-demuxer-ogg: 62fdf1f143b41e24485cea50d1cbac27 -> 
  custom:video-decoder-webm-vp8: 9c59270c3fd7afecdb556c50c9e8de78 -> 
  custom:audio-decoder-ogg-vorbis: bf7c407c2cedff20999df2af8eb42d56 -> 
========================================================================
Received Prepare
Registering precompiled user dll's ...
Registered in 0.004061 seconds.
Begin MonoManager ReloadAssembly
Symbol file LoadedFromMemory doesn't match image C:\Users\shiny\MoonBusters\Library\PackageCache\com.unity.visualscripting@1.7.8\Editor\VisualScripting.Core\Dependencies\YamlDotNet\Unity.VisualScripting.YamlDotNet.dll
Symbol file LoadedFromMemory doesn't match image C:\Users\shiny\MoonBusters\Library\PackageCache\com.unity.visualscripting@1.7.8\Editor\VisualScripting.Core\Dependencies\DotNetZip\Unity.VisualScripting.IonicZip.dll
Native extension for WindowsStandalone target not found
Refreshing native plugins compatible for Editor in 0.89 ms, found 3 plugins.
Preloading 0 native plugins for Editor in 0.00 ms.
Mono: successfully reloaded assembly
- Completed reload, in  0.928 seconds
Domain Reload Profiling:
	ReloadAssembly (929ms)
		BeginReloadAssembly (124ms)
			ExecutionOrderSort (0ms)
			DisableScriptedObjects (4ms)
			BackupInstance (0ms)
			ReleaseScriptingObjects (0ms)
			CreateAndSetChildDomain (35ms)
		EndReloadAssembly (718ms)
			LoadAssemblies (65ms)
			RebuildTransferFunctionScriptingTraits (0ms)
			SetupTypeCache (228ms)
			ReleaseScriptCaches (2ms)
			RebuildScriptCaches (39ms)
			SetupLoadedEditorAssemblies (341ms)
				LogAssemblyErrors (0ms)
				InitializePlatformSupportModulesInManaged (13ms)
				SetLoadedEditorAssemblies (1ms)
				RefreshPlugins (1ms)
				BeforeProcessingInitializeOnLoad (72ms)
				ProcessInitializeOnLoadAttributes (219ms)
				ProcessInitializeOnLoadMethodAttributes (31ms)
				AfterProcessingInitializeOnLoad (4ms)
				EditorAssembliesLoaded (0ms)
			ExecutionOrderSort2 (0ms)
			AwakeInstancesAfterBackupRestoration (6ms)
Platform modules already initialized, skipping
Refreshing native plugins compatible for Editor in 1.71 ms, found 3 plugins.
Preloading 0 native plugins for Editor in 0.00 ms.
Unloading 3437 Unused Serialized files (Serialized files now loaded: 0)
Unloading 20 unused Assets / (80.2 KB). Loaded Objects now: 3923.
Memory consumption went from 125.1 MB to 125.0 MB.
Total: 2.583000 ms (FindLiveObjects: 0.223800 ms CreateObjectMapping: 0.088400 ms MarkObjects: 2.181100 ms  DeleteObjects: 0.088900 ms)

AssetImportParameters requested are different than current active one (requested -> active):
  custom:video-decoder-ogg-theora: a1e56fd34408186e4bbccfd4996cb3dc -> 
  custom:container-muxer-webm: aa71ff27fc2769a1b78a27578f13a17b -> 
  custom:container-demuxer-webm: 4f35f7cbe854078d1ac9338744f61a02 -> 
  custom:video-encoder-webm-vp8: eb34c28f22e8b96e1ab97ce403110664 -> 
  custom:audio-encoder-webm-vorbis: bf7c407c2cedff20999df2af8eb42d56 -> 
  custom:framework-win-MediaFoundation: 216162199b28c13a410421893ffa2e32 -> 
  custom:container-demuxer-ogg: 62fdf1f143b41e24485cea50d1cbac27 -> 
  custom:video-decoder-webm-vp8: 9c59270c3fd7afecdb556c50c9e8de78 -> 
  custom:audio-decoder-ogg-vorbis: bf7c407c2cedff20999df2af8eb42d56 -> 
========================================================================
Received Prepare
Registering precompiled user dll's ...
Registered in 0.003465 seconds.
Begin MonoManager ReloadAssembly
Symbol file LoadedFromMemory doesn't match image C:\Users\shiny\MoonBusters\Library\PackageCache\com.unity.visualscripting@1.7.8\Editor\VisualScripting.Core\Dependencies\YamlDotNet\Unity.VisualScripting.YamlDotNet.dll
Symbol file LoadedFromMemory doesn't match image C:\Users\shiny\MoonBusters\Library\PackageCache\com.unity.visualscripting@1.7.8\Editor\VisualScripting.Core\Dependencies\DotNetZip\Unity.VisualScripting.IonicZip.dll
Native extension for WindowsStandalone target not found
Refreshing native plugins compatible for Editor in 0.55 ms, found 3 plugins.
Preloading 0 native plugins for Editor in 0.00 ms.
Mono: successfully reloaded assembly
- Completed reload, in  0.901 seconds
Domain Reload Profiling:
	ReloadAssembly (902ms)
		BeginReloadAssembly (118ms)
			ExecutionOrderSort (0ms)
			DisableScriptedObjects (5ms)
			BackupInstance (0ms)
			ReleaseScriptingObjects (0ms)
			CreateAndSetChildDomain (40ms)
		EndReloadAssembly (699ms)
			LoadAssemblies (62ms)
			RebuildTransferFunctionScriptingTraits (0ms)
			SetupTypeCache (238ms)
			ReleaseScriptCaches (2ms)
			RebuildScriptCaches (38ms)
			SetupLoadedEditorAssemblies (321ms)
				LogAssemblyErrors (0ms)
				InitializePlatformSupportModulesInManaged (11ms)
				SetLoadedEditorAssemblies (0ms)
				RefreshPlugins (1ms)
				BeforeProcessingInitializeOnLoad (56ms)
				ProcessInitializeOnLoadAttributes (219ms)
				ProcessInitializeOnLoadMethodAttributes (29ms)
				AfterProcessingInitializeOnLoad (4ms)
				EditorAssembliesLoaded (0ms)
			ExecutionOrderSort2 (0ms)
			AwakeInstancesAfterBackupRestoration (6ms)
Platform modules already initialized, skipping
Refreshing native plugins compatible for Editor in 1.87 ms, found 3 plugins.
Preloading 0 native plugins for Editor in 0.00 ms.
Unloading 3437 Unused Serialized files (Serialized files now loaded: 0)
Unloading 20 unused Assets / (80.1 KB). Loaded Objects now: 3926.
Memory consumption went from 125.1 MB to 125.1 MB.
Total: 2.491300 ms (FindLiveObjects: 0.291200 ms CreateObjectMapping: 0.135200 ms MarkObjects: 1.972000 ms  DeleteObjects: 0.092200 ms)

AssetImportParameters requested are different than current active one (requested -> active):
  custom:video-decoder-ogg-theora: a1e56fd34408186e4bbccfd4996cb3dc -> 
  custom:container-muxer-webm: aa71ff27fc2769a1b78a27578f13a17b -> 
  custom:container-demuxer-webm: 4f35f7cbe854078d1ac9338744f61a02 -> 
  custom:video-encoder-webm-vp8: eb34c28f22e8b96e1ab97ce403110664 -> 
  custom:audio-encoder-webm-vorbis: bf7c407c2cedff20999df2af8eb42d56 -> 
  custom:framework-win-MediaFoundation: 216162199b28c13a410421893ffa2e32 -> 
  custom:container-demuxer-ogg: 62fdf1f143b41e24485cea50d1cbac27 -> 
  custom:video-decoder-webm-vp8: 9c59270c3fd7afecdb556c50c9e8de78 -> 
  custom:audio-decoder-ogg-vorbis: bf7c407c2cedff20999df2af8eb42d56 -> 
========================================================================
Received Prepare
Registering precompiled user dll's ...
Registered in 0.003853 seconds.
Begin MonoManager ReloadAssembly
Symbol file LoadedFromMemory doesn't match image C:\Users\shiny\MoonBusters\Library\PackageCache\com.unity.visualscripting@1.7.8\Editor\VisualScripting.Core\Dependencies\YamlDotNet\Unity.VisualScripting.YamlDotNet.dll
Symbol file LoadedFromMemory doesn't match image C:\Users\shiny\MoonBusters\Library\PackageCache\com.unity.visualscripting@1.7.8\Editor\VisualScripting.Core\Dependencies\DotNetZip\Unity.VisualScripting.IonicZip.dll
Native extension for WindowsStandalone target not found
Refreshing native plugins compatible for Editor in 0.72 ms, found 3 plugins.
Preloading 0 native plugins for Editor in 0.00 ms.
Mono: successfully reloaded assembly
- Completed reload, in  0.791 seconds
Domain Reload Profiling:
	ReloadAssembly (791ms)
		BeginReloadAssembly (105ms)
			ExecutionOrderSort (0ms)
			DisableScriptedObjects (4ms)
			BackupInstance (0ms)
			ReleaseScriptingObjects (0ms)
			CreateAndSetChildDomain (32ms)
		EndReloadAssembly (613ms)
			LoadAssemblies (62ms)
			RebuildTransferFunctionScriptingTraits (0ms)
			SetupTypeCache (196ms)
			ReleaseScriptCaches (1ms)
			RebuildScriptCaches (33ms)
			SetupLoadedEditorAssemblies (281ms)
				LogAssemblyErrors (0ms)
				InitializePlatformSupportModulesInManaged (10ms)
				SetLoadedEditorAssemblies (0ms)
				RefreshPlugins (1ms)
				BeforeProcessingInitializeOnLoad (55ms)
				ProcessInitializeOnLoadAttributes (179ms)
				ProcessInitializeOnLoadMethodAttributes (32ms)
				AfterProcessingInitializeOnLoad (4ms)
				EditorAssembliesLoaded (0ms)
			ExecutionOrderSort2 (0ms)
			AwakeInstancesAfterBackupRestoration (5ms)
Platform modules already initialized, skipping
Refreshing native plugins compatible for Editor in 1.98 ms, found 3 plugins.
Preloading 0 native plugins for Editor in 0.00 ms.
Unloading 3437 Unused Serialized files (Serialized files now loaded: 0)
Unloading 20 unused Assets / (80.2 KB). Loaded Objects now: 3929.
Memory consumption went from 125.1 MB to 125.1 MB.
Total: 2.384900 ms (FindLiveObjects: 0.206000 ms CreateObjectMapping: 0.078200 ms MarkObjects: 2.008600 ms  DeleteObjects: 0.091300 ms)

AssetImportParameters requested are different than current active one (requested -> active):
  custom:video-decoder-ogg-theora: a1e56fd34408186e4bbccfd4996cb3dc -> 
  custom:container-muxer-webm: aa71ff27fc2769a1b78a27578f13a17b -> 
  custom:container-demuxer-webm: 4f35f7cbe854078d1ac9338744f61a02 -> 
  custom:video-encoder-webm-vp8: eb34c28f22e8b96e1ab97ce403110664 -> 
  custom:audio-encoder-webm-vorbis: bf7c407c2cedff20999df2af8eb42d56 -> 
  custom:framework-win-MediaFoundation: 216162199b28c13a410421893ffa2e32 -> 
  custom:container-demuxer-ogg: 62fdf1f143b41e24485cea50d1cbac27 -> 
  custom:video-decoder-webm-vp8: 9c59270c3fd7afecdb556c50c9e8de78 -> 
  custom:audio-decoder-ogg-vorbis: bf7c407c2cedff20999df2af8eb42d56 -> 
========================================================================
Received Prepare
Registering precompiled user dll's ...
Registered in 0.002745 seconds.
Begin MonoManager ReloadAssembly
Symbol file LoadedFromMemory doesn't match image C:\Users\shiny\MoonBusters\Library\PackageCache\com.unity.visualscripting@1.7.8\Editor\VisualScripting.Core\Dependencies\YamlDotNet\Unity.VisualScripting.YamlDotNet.dll
Symbol file LoadedFromMemory doesn't match image C:\Users\shiny\MoonBusters\Library\PackageCache\com.unity.visualscripting@1.7.8\Editor\VisualScripting.Core\Dependencies\DotNetZip\Unity.VisualScripting.IonicZip.dll
Native extension for WindowsStandalone target not found
Refreshing native plugins compatible for Editor in 0.48 ms, found 3 plugins.
Preloading 0 native plugins for Editor in 0.00 ms.
Mono: successfully reloaded assembly
- Completed reload, in  0.735 seconds
Domain Reload Profiling:
	ReloadAssembly (735ms)
		BeginReloadAssembly (100ms)
			ExecutionOrderSort (0ms)
			DisableScriptedObjects (4ms)
			BackupInstance (0ms)
			ReleaseScriptingObjects (0ms)
			CreateAndSetChildDomain (30ms)
		EndReloadAssembly (571ms)
			LoadAssemblies (54ms)
			RebuildTransferFunctionScriptingTraits (0ms)
			SetupTypeCache (184ms)
			ReleaseScriptCaches (1ms)
			RebuildScriptCaches (33ms)
			SetupLoadedEditorAssemblies (257ms)
				LogAssemblyErrors (0ms)
				InitializePlatformSupportModulesInManaged (12ms)
				SetLoadedEditorAssemblies (0ms)
				RefreshPlugins (1ms)
				BeforeProcessingInitializeOnLoad (53ms)
				ProcessInitializeOnLoadAttributes (162ms)
				ProcessInitializeOnLoadMethodAttributes (24ms)
				AfterProcessingInitializeOnLoad (5ms)
				EditorAssembliesLoaded (0ms)
			ExecutionOrderSort2 (0ms)
			AwakeInstancesAfterBackupRestoration (4ms)
Platform modules already initialized, skipping
Refreshing native plugins compatible for Editor in 1.91 ms, found 3 plugins.
Preloading 0 native plugins for Editor in 0.00 ms.
Unloading 3437 Unused Serialized files (Serialized files now loaded: 0)
Unloading 20 unused Assets / (80.1 KB). Loaded Objects now: 3932.
Memory consumption went from 125.1 MB to 125.1 MB.
Total: 2.533400 ms (FindLiveObjects: 0.225200 ms CreateObjectMapping: 0.086100 ms MarkObjects: 2.132500 ms  DeleteObjects: 0.088400 ms)

AssetImportParameters requested are different than current active one (requested -> active):
  custom:video-decoder-ogg-theora: a1e56fd34408186e4bbccfd4996cb3dc -> 
  custom:container-muxer-webm: aa71ff27fc2769a1b78a27578f13a17b -> 
  custom:container-demuxer-webm: 4f35f7cbe854078d1ac9338744f61a02 -> 
  custom:video-encoder-webm-vp8: eb34c28f22e8b96e1ab97ce403110664 -> 
  custom:audio-encoder-webm-vorbis: bf7c407c2cedff20999df2af8eb42d56 -> 
  custom:framework-win-MediaFoundation: 216162199b28c13a410421893ffa2e32 -> 
  custom:container-demuxer-ogg: 62fdf1f143b41e24485cea50d1cbac27 -> 
  custom:video-decoder-webm-vp8: 9c59270c3fd7afecdb556c50c9e8de78 -> 
  custom:audio-decoder-ogg-vorbis: bf7c407c2cedff20999df2af8eb42d56 -> 
========================================================================
Received Import Request.
  Time since last request: 155198.174044 seconds.
  path: Assets/48 Particle Effect Pack/Texture/Star3.mat
  artifactKey: Guid(6e605333055fdbe4b94a3506efcb132e) Importer(815301076,1909f56bfc062723c751e8b465ee728b)
Start importing Assets/48 Particle Effect Pack/Texture/Star3.mat using Guid(6e605333055fdbe4b94a3506efcb132e) Importer(815301076,1909f56bfc062723c751e8b465ee728b)  -> (artifact id: '0e56c4462fd4d48e4ab7db979f3af93a') in 0.110718 seconds 
========================================================================
Received Import Request.
  Time since last request: 0.277980 seconds.
  path: Assets/48 Particle Effect Pack/Texture/Star.mat
  artifactKey: Guid(7a1843ab6f181834680d44fc823df284) Importer(815301076,1909f56bfc062723c751e8b465ee728b)
Start importing Assets/48 Particle Effect Pack/Texture/Star.mat using Guid(7a1843ab6f181834680d44fc823df284) Importer(815301076,1909f56bfc062723c751e8b465ee728b)  -> (artifact id: 'f2ce340dc662b845f7c9653b06182edf') in 0.029582 seconds 
========================================================================
Received Import Request.
  Time since last request: 0.074049 seconds.
  path: Assets/48 Particle Effect Pack/Texture/Spark7.mat
  artifactKey: Guid(61939c49e710a064ca43150a61c6e2d8) Importer(815301076,1909f56bfc062723c751e8b465ee728b)
Start importing Assets/48 Particle Effect Pack/Texture/Spark7.mat using Guid(61939c49e710a064ca43150a61c6e2d8) Importer(815301076,1909f56bfc062723c751e8b465ee728b)  -> (artifact id: '687674340d6262633de473f4246db74e') in 0.016987 seconds 
========================================================================
Received Import Request.
  Time since last request: 0.277113 seconds.
  path: Assets/48 Particle Effect Pack/Texture/Spark5.mat
  artifactKey: Guid(e8866d69778db1648a2a24c7bd6e5b5a) Importer(815301076,1909f56bfc062723c751e8b465ee728b)
Start importing Assets/48 Particle Effect Pack/Texture/Spark5.mat using Guid(e8866d69778db1648a2a24c7bd6e5b5a) Importer(815301076,1909f56bfc062723c751e8b465ee728b)  -> (artifact id: '89054aa36f90482c8a72361af1754194') in 0.036194 seconds 
========================================================================
Received Import Request.
  Time since last request: 4.683626 seconds.
  path: Assets/48 Particle Effect Pack/Texture/Spark3.mat
  artifactKey: Guid(84601cf1c4fd6ef48958ec9fcac69cf4) Importer(815301076,1909f56bfc062723c751e8b465ee728b)
Start importing Assets/48 Particle Effect Pack/Texture/Spark3.mat using Guid(84601cf1c4fd6ef48958ec9fcac69cf4) Importer(815301076,1909f56bfc062723c751e8b465ee728b)  -> (artifact id: 'e2ebcaf55b079376315504bb86489edc') in 0.029044 seconds 
========================================================================
Received Import Request.
  Time since last request: 0.082394 seconds.
  path: Assets/48 Particle Effect Pack/Texture/SnowCrystal4.mat
  artifactKey: Guid(0988637850bb9194e99c94ec05c10305) Importer(815301076,1909f56bfc062723c751e8b465ee728b)
Start importing Assets/48 Particle Effect Pack/Texture/SnowCrystal4.mat using Guid(0988637850bb9194e99c94ec05c10305) Importer(815301076,1909f56bfc062723c751e8b465ee728b)  -> (artifact id: 'f937065817d44ff9edfe801741b4957b') in 0.030233 seconds 
========================================================================
Received Import Request.
  Time since last request: 0.165613 seconds.
  path: Assets/48 Particle Effect Pack/Texture/SnowCrystal2.mat
  artifactKey: Guid(2580527c6caaf0d40aee14435b63a2d1) Importer(815301076,1909f56bfc062723c751e8b465ee728b)
Start importing Assets/48 Particle Effect Pack/Texture/SnowCrystal2.mat using Guid(2580527c6caaf0d40aee14435b63a2d1) Importer(815301076,1909f56bfc062723c751e8b465ee728b)  -> (artifact id: '09662c8dc550c8e532d1538cfbd572a2') in 0.027943 seconds 
========================================================================
Received Import Request.
  Time since last request: 0.350979 seconds.
  path: Assets/48 Particle Effect Pack/Texture/Smoke7.mat
  artifactKey: Guid(191574f46320e4c4899893a4a0a7e359) Importer(815301076,1909f56bfc062723c751e8b465ee728b)
Start importing Assets/48 Particle Effect Pack/Texture/Smoke7.mat using Guid(191574f46320e4c4899893a4a0a7e359) Importer(815301076,1909f56bfc062723c751e8b465ee728b)  -> (artifact id: '159b38ce2dbd24264bacca9581093fcd') in 0.042044 seconds 
========================================================================
Received Import Request.
  Time since last request: 0.203154 seconds.
  path: Assets/48 Particle Effect Pack/Texture/Smoke5.mat
  artifactKey: Guid(43e33c0d66f41ee4c9a6f94ed7c73160) Importer(815301076,1909f56bfc062723c751e8b465ee728b)
Start importing Assets/48 Particle Effect Pack/Texture/Smoke5.mat using Guid(43e33c0d66f41ee4c9a6f94ed7c73160) Importer(815301076,1909f56bfc062723c751e8b465ee728b)  -> (artifact id: '1cb14f5149c58b2747ce9e0a36d73efd') in 0.020209 seconds 
========================================================================
Received Import Request.
  Time since last request: 0.044730 seconds.
  path: Assets/48 Particle Effect Pack/Texture/Smoke3.mat
  artifactKey: Guid(be7533a6f81a2e14d9ab9d57915552ca) Importer(815301076,1909f56bfc062723c751e8b465ee728b)
Start importing Assets/48 Particle Effect Pack/Texture/Smoke3.mat using Guid(be7533a6f81a2e14d9ab9d57915552ca) Importer(815301076,1909f56bfc062723c751e8b465ee728b)  -> (artifact id: '78dd6acd94c727c076439ef2b39f02c9') in 0.014935 seconds 
========================================================================
Received Import Request.
  Time since last request: 0.272163 seconds.
  path: Assets/48 Particle Effect Pack/Texture/Smoke.mat
  artifactKey: Guid(e59de0e3c6b519c479c450ea945289d4) Importer(815301076,1909f56bfc062723c751e8b465ee728b)
Start importing Assets/48 Particle Effect Pack/Texture/Smoke.mat using Guid(e59de0e3c6b519c479c450ea945289d4) Importer(815301076,1909f56bfc062723c751e8b465ee728b)  -> (artifact id: 'a44e4e298fe9661f76ec170ba03ce918') in 0.019747 seconds 
========================================================================
Received Import Request.
  Time since last request: 0.323713 seconds.
  path: Assets/48 Particle Effect Pack/Texture/Ring8.mat
  artifactKey: Guid(8280e9d847cf7154aa2a72ce1c89d59d) Importer(815301076,1909f56bfc062723c751e8b465ee728b)
Start importing Assets/48 Particle Effect Pack/Texture/Ring8.mat using Guid(8280e9d847cf7154aa2a72ce1c89d59d) Importer(815301076,1909f56bfc062723c751e8b465ee728b)  -> (artifact id: 'cb736d7391b29374ba0a257769ceffa0') in 0.012808 seconds 
========================================================================
Received Import Request.
  Time since last request: 0.223748 seconds.
  path: Assets/48 Particle Effect Pack/Texture/Ring6.mat
  artifactKey: Guid(ac54cfdbacf954346904cd054091cb49) Importer(815301076,1909f56bfc062723c751e8b465ee728b)
Start importing Assets/48 Particle Effect Pack/Texture/Ring6.mat using Guid(ac54cfdbacf954346904cd054091cb49) Importer(815301076,1909f56bfc062723c751e8b465ee728b)  -> (artifact id: 'c9ada1825283530d81f502fab2f33615') in 0.016544 seconds 
========================================================================
Received Import Request.
  Time since last request: 0.093015 seconds.
  path: Assets/48 Particle Effect Pack/Texture/Ring4.mat
  artifactKey: Guid(ce1a2cdc9db22ed4190e11159c00f4d3) Importer(815301076,1909f56bfc062723c751e8b465ee728b)
Start importing Assets/48 Particle Effect Pack/Texture/Ring4.mat using Guid(ce1a2cdc9db22ed4190e11159c00f4d3) Importer(815301076,1909f56bfc062723c751e8b465ee728b)  -> (artifact id: '69e2afc45e7c4278f52a47ad56f44020') in 0.018150 seconds 
========================================================================
Received Import Request.
  Time since last request: 0.725626 seconds.
  path: Assets/48 Particle Effect Pack/Texture/Ring2.mat
  artifactKey: Guid(4186e9b6090f86f44ba623f55e461f6f) Importer(815301076,1909f56bfc062723c751e8b465ee728b)
Start importing Assets/48 Particle Effect Pack/Texture/Ring2.mat using Guid(4186e9b6090f86f44ba623f55e461f6f) Importer(815301076,1909f56bfc062723c751e8b465ee728b)  -> (artifact id: 'ad45538114b5e04594e5c7ad9dd3897c') in 0.027486 seconds 
========================================================================
Received Import Request.
  Time since last request: 0.629200 seconds.
  path: Assets/48 Particle Effect Pack/Texture/Line.mat
  artifactKey: Guid(81159261a9ccdfa4ea93528d98b79fa2) Importer(815301076,1909f56bfc062723c751e8b465ee728b)
Start importing Assets/48 Particle Effect Pack/Texture/Line.mat using Guid(81159261a9ccdfa4ea93528d98b79fa2) Importer(815301076,1909f56bfc062723c751e8b465ee728b)  -> (artifact id: '9b1d0f652d6bf3073f04711050fa6004') in 0.029143 seconds 
========================================================================
Received Import Request.
  Time since last request: 0.032688 seconds.
  path: Assets/48 Particle Effect Pack/Texture/Lightning4.mat
  artifactKey: Guid(239461e21e0a6934e9c905f57d449cec) Importer(815301076,1909f56bfc062723c751e8b465ee728b)
Start importing Assets/48 Particle Effect Pack/Texture/Lightning4.mat using Guid(239461e21e0a6934e9c905f57d449cec) Importer(815301076,1909f56bfc062723c751e8b465ee728b)  -> (artifact id: '67d7f8190773fde3b104c8530dea69ad') in 0.010741 seconds 
========================================================================
Received Import Request.
  Time since last request: 0.257819 seconds.
  path: Assets/48 Particle Effect Pack/Texture/Lightning2.mat
  artifactKey: Guid(f8c072200c7ff784b8994282a81016c7) Importer(815301076,1909f56bfc062723c751e8b465ee728b)
Start importing Assets/48 Particle Effect Pack/Texture/Lightning2.mat using Guid(f8c072200c7ff784b8994282a81016c7) Importer(815301076,1909f56bfc062723c751e8b465ee728b)  -> (artifact id: '77342bc97883f53cdf3de0932e4c047b') in 0.009595 seconds 
========================================================================
Received Import Request.
  Time since last request: 0.258520 seconds.
  path: Assets/48 Particle Effect Pack/Texture/Light3.mat
  artifactKey: Guid(c3557f85164610846910f37026cf4f89) Importer(815301076,1909f56bfc062723c751e8b465ee728b)
Start importing Assets/48 Particle Effect Pack/Texture/Light3.mat using Guid(c3557f85164610846910f37026cf4f89) Importer(815301076,1909f56bfc062723c751e8b465ee728b)  -> (artifact id: '467f743b11152effeb5d7dea3118ed35') in 0.032318 seconds 
========================================================================
Received Import Request.
  Time since last request: 0.066395 seconds.
  path: Assets/48 Particle Effect Pack/Texture/Light.mat
  artifactKey: Guid(c78741a9b46ee6c419205d613cd3bd16) Importer(815301076,1909f56bfc062723c751e8b465ee728b)
Start importing Assets/48 Particle Effect Pack/Texture/Light.mat using Guid(c78741a9b46ee6c419205d613cd3bd16) Importer(815301076,1909f56bfc062723c751e8b465ee728b)  -> (artifact id: 'a891aa8cd62239bd70ab27d175ae8293') in 0.019055 seconds 
========================================================================
Received Import Request.
  Time since last request: 0.174919 seconds.
  path: Assets/TextMesh Pro/Resources/Fonts & Materials/LiberationSans SDF.asset
  artifactKey: Guid(8f586378b4e144a9851e7b34d9b748ee) Importer(815301076,1909f56bfc062723c751e8b465ee728b)
Start importing Assets/TextMesh Pro/Resources/Fonts & Materials/LiberationSans SDF.asset using Guid(8f586378b4e144a9851e7b34d9b748ee) Importer(815301076,1909f56bfc062723c751e8b465ee728b)  -> (artifact id: '65c82d2c34b40d489251e41ec5b45bc8') in 0.046661 seconds 
========================================================================
Received Import Request.
  Time since last request: 1.162395 seconds.
  path: Assets/TextMesh Pro/Fonts/LiberationSans.ttf
  artifactKey: Guid(e3265ab4bf004d28a9537516768c1c75) Importer(815301076,1909f56bfc062723c751e8b465ee728b)
Start importing Assets/TextMesh Pro/Fonts/LiberationSans.ttf using Guid(e3265ab4bf004d28a9537516768c1c75) Importer(815301076,1909f56bfc062723c751e8b465ee728b)  -> (artifact id: '86e85d55384b22641579099d0f1ce7e8') in 0.050498 seconds 
========================================================================
Received Import Request.
  Time since last request: 0.052676 seconds.
  path: Assets/48 Particle Effect Pack/Texture/Flash3.mat
  artifactKey: Guid(b800d39fd2d4f88498c4a85b29f62906) Importer(815301076,1909f56bfc062723c751e8b465ee728b)
Start importing Assets/48 Particle Effect Pack/Texture/Flash3.mat using Guid(b800d39fd2d4f88498c4a85b29f62906) Importer(815301076,1909f56bfc062723c751e8b465ee728b)  -> (artifact id: 'c71aca6dc75a4c364e10abec596058c8') in 0.010441 seconds 
========================================================================
Received Import Request.
  Time since last request: 0.219688 seconds.
  path: Assets/48 Particle Effect Pack/Texture/Flash.mat
  artifactKey: Guid(1b50e61b749b338478dc4441f0ab6bbf) Importer(815301076,1909f56bfc062723c751e8b465ee728b)
Start importing Assets/48 Particle Effect Pack/Texture/Flash.mat using Guid(1b50e61b749b338478dc4441f0ab6bbf) Importer(815301076,1909f56bfc062723c751e8b465ee728b)  -> (artifact id: '859f41743c686f7be8f5a14db6399419') in 0.016316 seconds 
========================================================================
Received Prepare
Registering precompiled user dll's ...
Registered in 0.002974 seconds.
Begin MonoManager ReloadAssembly
Symbol file LoadedFromMemory doesn't match image C:\Users\shiny\MoonBusters\Library\PackageCache\com.unity.visualscripting@1.7.8\Editor\VisualScripting.Core\Dependencies\YamlDotNet\Unity.VisualScripting.YamlDotNet.dll
Symbol file LoadedFromMemory doesn't match image C:\Users\shiny\MoonBusters\Library\PackageCache\com.unity.visualscripting@1.7.8\Editor\VisualScripting.Core\Dependencies\DotNetZip\Unity.VisualScripting.IonicZip.dll
Native extension for WindowsStandalone target not found
Refreshing native plugins compatible for Editor in 0.79 ms, found 3 plugins.
Preloading 0 native plugins for Editor in 0.00 ms.
Mono: successfully reloaded assembly
- Completed reload, in  0.764 seconds
Domain Reload Profiling:
	ReloadAssembly (765ms)
		BeginReloadAssembly (97ms)
			ExecutionOrderSort (0ms)
			DisableScriptedObjects (3ms)
			BackupInstance (0ms)
			ReleaseScriptingObjects (0ms)
			CreateAndSetChildDomain (30ms)
		EndReloadAssembly (595ms)
			LoadAssemblies (55ms)
			RebuildTransferFunctionScriptingTraits (0ms)
			SetupTypeCache (192ms)
			ReleaseScriptCaches (2ms)
			RebuildScriptCaches (37ms)
			SetupLoadedEditorAssemblies (270ms)
				LogAssemblyErrors (0ms)
				InitializePlatformSupportModulesInManaged (13ms)
				SetLoadedEditorAssemblies (1ms)
				RefreshPlugins (1ms)
				BeforeProcessingInitializeOnLoad (53ms)
				ProcessInitializeOnLoadAttributes (173ms)
				ProcessInitializeOnLoadMethodAttributes (26ms)
				AfterProcessingInitializeOnLoad (4ms)
				EditorAssembliesLoaded (0ms)
			ExecutionOrderSort2 (0ms)
			AwakeInstancesAfterBackupRestoration (5ms)
Platform modules already initialized, skipping
Refreshing native plugins compatible for Editor in 1.41 ms, found 3 plugins.
Preloading 0 native plugins for Editor in 0.00 ms.
Unloading 3437 Unused Serialized files (Serialized files now loaded: 0)
Unloading 20 unused Assets / (80.3 KB). Loaded Objects now: 3979.
Memory consumption went from 129.9 MB to 129.8 MB.
Total: 2.399100 ms (FindLiveObjects: 0.212500 ms CreateObjectMapping: 0.137000 ms MarkObjects: 1.969400 ms  DeleteObjects: 0.079400 ms)

AssetImportParameters requested are different than current active one (requested -> active):
  custom:video-decoder-ogg-theora: a1e56fd34408186e4bbccfd4996cb3dc -> 
  custom:container-muxer-webm: aa71ff27fc2769a1b78a27578f13a17b -> 
  custom:container-demuxer-webm: 4f35f7cbe854078d1ac9338744f61a02 -> 
  custom:video-encoder-webm-vp8: eb34c28f22e8b96e1ab97ce403110664 -> 
  custom:audio-encoder-webm-vorbis: bf7c407c2cedff20999df2af8eb42d56 -> 
  custom:framework-win-MediaFoundation: 216162199b28c13a410421893ffa2e32 -> 
  custom:container-demuxer-ogg: 62fdf1f143b41e24485cea50d1cbac27 -> 
  custom:video-decoder-webm-vp8: 9c59270c3fd7afecdb556c50c9e8de78 -> 
  custom:audio-decoder-ogg-vorbis: bf7c407c2cedff20999df2af8eb42d56 -> 
========================================================================
Received Import Request.
  Time since last request: 5761.047957 seconds.
  path: Assets/Cloudy Summer Day Skybox/CloudySummerDaySkybox_cubemap.cubemap
  artifactKey: Guid(100289f8d54c41148bdc00aeee75e5db) Importer(815301076,1909f56bfc062723c751e8b465ee728b)
Start importing Assets/Cloudy Summer Day Skybox/CloudySummerDaySkybox_cubemap.cubemap using Guid(100289f8d54c41148bdc00aeee75e5db) Importer(815301076,1909f56bfc062723c751e8b465ee728b)  -> (artifact id: 'c18f65bda59cd15ed52bac1c077921cf') in 0.132336 seconds 
========================================================================
Received Import Request.
  Time since last request: 0.000033 seconds.
  path: Assets/Cloudy Summer Day Skybox/CloudySummerDaySkybox_down.tga
  artifactKey: Guid(6ccdf4e18ccc29343bfbe45420b3053a) Importer(815301076,1909f56bfc062723c751e8b465ee728b)
Start importing Assets/Cloudy Summer Day Skybox/CloudySummerDaySkybox_down.tga using Guid(6ccdf4e18ccc29343bfbe45420b3053a) Importer(815301076,1909f56bfc062723c751e8b465ee728b)  -> (artifact id: 'da7bf0dd661f4c172099dcd3fe3abcfb') in 0.030936 seconds 
========================================================================
Received Import Request.
  Time since last request: 0.000030 seconds.
  path: Assets/Cloudy Summer Day Skybox/CloudySummerDaySkybox_left.tga
  artifactKey: Guid(6057d411674717846a99c5fcf7baa435) Importer(815301076,1909f56bfc062723c751e8b465ee728b)
Start importing Assets/Cloudy Summer Day Skybox/CloudySummerDaySkybox_left.tga using Guid(6057d411674717846a99c5fcf7baa435) Importer(815301076,1909f56bfc062723c751e8b465ee728b)  -> (artifact id: '8ddccd075c15d8da608e0bd99ff7f50b') in 0.018769 seconds 
========================================================================
Received Import Request.
  Time since last request: 0.000032 seconds.
  path: Assets/Cloudy Summer Day Skybox/CloudySummerDaySkybox_right.tga
  artifactKey: Guid(1d9b5f8d259e6e64ca4b2b567155b6db) Importer(815301076,1909f56bfc062723c751e8b465ee728b)
Start importing Assets/Cloudy Summer Day Skybox/CloudySummerDaySkybox_right.tga using Guid(1d9b5f8d259e6e64ca4b2b567155b6db) Importer(815301076,1909f56bfc062723c751e8b465ee728b)  -> (artifact id: 'd25e1f7df0b12dd96048a69b6fe52226') in 0.018154 seconds 
========================================================================
Received Import Request.
  Time since last request: 0.000023 seconds.
  path: Assets/Cloudy Summer Day Skybox/CloudySummerDaySkybox_front.tga
  artifactKey: Guid(5ce88bc46b4fa9d4e8e3b10702e67a91) Importer(815301076,1909f56bfc062723c751e8b465ee728b)
Start importing Assets/Cloudy Summer Day Skybox/CloudySummerDaySkybox_front.tga using Guid(5ce88bc46b4fa9d4e8e3b10702e67a91) Importer(815301076,1909f56bfc062723c751e8b465ee728b)  -> (artifact id: '1a6efc26f4d112bf6a9e38eb59263ecd') in 0.017618 seconds 
Editor requested this worker to shutdown with reason: Scaling down because of idle timeout
AssetImportWorker is now disconnected from the server
Process exiting
Exiting without the bug reporter. Application will terminate with return code 0